# JRE version: OpenJDK Runtime Environment Temurin-17.0.7+7 (17.0.7+7) (build 17.0.7+7)
# Java VM: OpenJDK 64-Bit Server VM Temurin-17.0.7+7 (17.0.7+7, mixed mode, emulated-client, tiered, compressed oops, compressed class ptrs, g1 gc, windows-amd64)
GC Precious Log:
 CPUs: 16 total, 16 available
 Memory: 6005M
 Large Page Support: Disabled
 NUMA Support: Disabled
 Compressed Oops: Enabled (32-bit)
 Heap Region Size: 1M
 Heap Min Capacity: 8M
 Heap Initial Capacity: 94M
 Heap Max Capacity: 1502M
 Pre-touch: Disabled
 Parallel Workers: 13
 Concurrent Workers: 3
 Concurrent Refinement Workers: 13
 Periodic GC: Disabled
Heap:
 garbage-first heap   total 96256K, used 36743K [0x00000000a2200000, 0x0000000100000000)
  region size 1024K, 2 young (2048K), 2 survivors (2048K)
 Metaspace       used 69062K, committed 69696K, reserved 1114112K
  class space    used 9480K, committed 9792K, reserved 1048576K
GC Heap History (20 events):
Event: 8.865 GC heap after
{Heap after GC invocations=20 (full 0):
 garbage-first heap   total 46080K, used 24254K [0x00000000a2200000, 0x0000000100000000)
  region size 1024K, 2 young (2048K), 2 survivors (2048K)
 Metaspace       used 54919K, committed 55360K, reserved 1114112K
  class space    used 7267K, committed 7488K, reserved 1048576K
}
Event: 9.401 GC heap before
{Heap before GC invocations=20 (full 0):
 garbage-first heap   total 46080K, used 35518K [0x00000000a2200000, 0x0000000100000000)
  region size 1024K, 14 young (14336K), 2 survivors (2048K)
 Metaspace       used 58889K, committed 59328K, reserved 1114112K
  class space    used 7996K, committed 8192K, reserved 1048576K
}
Event: 9.405 GC heap after
{Heap after GC invocations=21 (full 0):
 garbage-first heap   total 46080K, used 24774K [0x00000000a2200000, 0x0000000100000000)
  region size 1024K, 2 young (2048K), 2 survivors (2048K)
 Metaspace       used 58889K, committed 59328K, reserved 1114112K
  class space    used 7996K, committed 8192K, reserved 1048576K
}
Event: 9.815 GC heap before
{Heap before GC invocations=22 (full 0):
 garbage-first heap   total 46080K, used 36038K [0x00000000a2200000, 0x0000000100000000)
  region size 1024K, 13 young (13312K), 2 survivors (2048K)
 Metaspace       used 61583K, committed 62144K, reserved 1114112K
  class space    used 8468K, committed 8704K, reserved 1048576K
}
Event: 9.818 GC heap after
{Heap after GC invocations=23 (full 0):
 garbage-first heap   total 46080K, used 25224K [0x00000000a2200000, 0x0000000100000000)
  region size 1024K, 1 young (1024K), 1 survivors (1024K)
 Metaspace       used 61583K, committed 62144K, reserved 1114112K
  class space    used 8468K, committed 8704K, reserved 1048576K
}
Event: 10.339 GC heap before
{Heap before GC invocations=23 (full 0):
 garbage-first heap   total 46080K, used 38536K [0x00000000a2200000, 0x0000000100000000)
  region size 1024K, 14 young (14336K), 1 survivors (1024K)
 Metaspace       used 64243K, committed 64832K, reserved 1114112K
  class space    used 8795K, committed 9088K, reserved 1048576K
}
Event: 10.343 GC heap after
{Heap after GC invocations=24 (full 0):
 garbage-first heap   total 46080K, used 26354K [0x00000000a2200000, 0x0000000100000000)
  region size 1024K, 2 young (2048K), 2 survivors (2048K)
 Metaspace       used 64243K, committed 64832K, reserved 1114112K
  class space    used 8795K, committed 9088K, reserved 1048576K
}
Event: 10.617 GC heap before
{Heap before GC invocations=25 (full 0):
 garbage-first heap   total 46080K, used 37618K [0x00000000a2200000, 0x0000000100000000)
  region size 1024K, 13 young (13312K), 2 survivors (2048K)
 Metaspace       used 65367K, committed 65920K, reserved 1114112K
  class space    used 8998K, committed 9280K, reserved 1048576K
}
Event: 10.622 GC heap after
{Heap after GC invocations=26 (full 0):
 garbage-first heap   total 46080K, used 26944K [0x00000000a2200000, 0x0000000100000000)
  region size 1024K, 1 young (1024K), 1 survivors (1024K)
 Metaspace       used 65367K, committed 65920K, reserved 1114112K
  class space    used 8998K, committed 9280K, reserved 1048576K
}
Event: 10.649 GC heap before
{Heap before GC invocations=26 (full 0):
 garbage-first heap   total 46080K, used 26944K [0x00000000a2200000, 0x0000000100000000)
  region size 1024K, 2 young (2048K), 1 survivors (1024K)
 Metaspace       used 65428K, committed 65984K, reserved 1114112K
  class space    used 9007K, committed 9280K, reserved 1048576K
}
Event: 10.653 GC heap after
{Heap after GC invocations=27 (full 0):
 garbage-first heap   total 55296K, used 26817K [0x00000000a2200000, 0x0000000100000000)
  region size 1024K, 1 young (1024K), 1 survivors (1024K)
 Metaspace       used 65428K, committed 65984K, reserved 1114112K
  class space    used 9007K, committed 9280K, reserved 1048576K
}
Event: 11.094 GC heap before
{Heap before GC invocations=27 (full 0):
 garbage-first heap   total 55296K, used 43201K [0x00000000a2200000, 0x0000000100000000)
  region size 1024K, 17 young (17408K), 1 survivors (1024K)
 Metaspace       used 67130K, committed 67712K, reserved 1114112K
  class space    used 9244K, committed 9536K, reserved 1048576K
}
Event: 11.097 GC heap after
{Heap after GC invocations=28 (full 0):
 garbage-first heap   total 55296K, used 28293K [0x00000000a2200000, 0x0000000100000000)
  region size 1024K, 2 young (2048K), 2 survivors (2048K)
 Metaspace       used 67130K, committed 67712K, reserved 1114112K
  class space    used 9244K, committed 9536K, reserved 1048576K
}
Event: 11.634 GC heap before
{Heap before GC invocations=29 (full 0):
 garbage-first heap   total 55296K, used 43653K [0x00000000a2200000, 0x0000000100000000)
  region size 1024K, 17 young (17408K), 2 survivors (2048K)
 Metaspace       used 69056K, committed 69696K, reserved 1114112K
  class space    used 9479K, committed 9792K, reserved 1048576K
}
Event: 11.641 GC heap after
{Heap after GC invocations=30 (full 0):
 garbage-first heap   total 55296K, used 31508K [0x00000000a2200000, 0x0000000100000000)
  region size 1024K, 3 young (3072K), 3 survivors (3072K)
 Metaspace       used 69056K, committed 69696K, reserved 1114112K
  class space    used 9479K, committed 9792K, reserved 1048576K
}
Event: 11.643 GC heap before
{Heap before GC invocations=30 (full 0):
 garbage-first heap   total 55296K, used 32532K [0x00000000a2200000, 0x0000000100000000)
  region size 1024K, 4 young (4096K), 3 survivors (3072K)
 Metaspace       used 69057K, committed 69696K, reserved 1114112K
  class space    used 9479K, committed 9792K, reserved 1048576K
}
Event: 11.648 GC heap after
{Heap after GC invocations=31 (full 0):
 garbage-first heap   total 55296K, used 31762K [0x00000000a2200000, 0x0000000100000000)
  region size 1024K, 1 young (1024K), 1 survivors (1024K)
 Metaspace       used 69057K, committed 69696K, reserved 1114112K
  class space    used 9479K, committed 9792K, reserved 1048576K
}
Event: 11.681 GC heap before
{Heap before GC invocations=31 (full 0):
 garbage-first heap   total 55296K, used 44050K [0x00000000a2200000, 0x0000000100000000)
  region size 1024K, 13 young (13312K), 1 survivors (1024K)
 Metaspace       used 69062K, committed 69696K, reserved 1114112K
  class space    used 9480K, committed 9792K, reserved 1048576K
}
Event: 11.685 GC heap after
{Heap after GC invocations=32 (full 0):
 garbage-first heap   total 55296K, used 34622K [0x00000000a2200000, 0x0000000100000000)
  region size 1024K, 2 young (2048K), 2 survivors (2048K)
 Metaspace       used 69062K, committed 69696K, reserved 1114112K
  class space    used 9480K, committed 9792K, reserved 1048576K
}
Event: 11.737 GC heap before
{Heap before GC invocations=32 (full 0):
 garbage-first heap   total 71680K, used 42814K [0x00000000a2200000, 0x0000000100000000)
  region size 1024K, 11 young (11264K), 2 survivors (2048K)
 Metaspace       used 69062K, committed 69696K, reserved 1114112K
  class space    used 9480K, committed 9792K, reserved 1048576K
}

